<?xml version="1.0" encoding="UTF-8"?>
<!-- Generated by org.testng.reporters.JUnitReportReporter -->
<testsuite hostname="DESKTOP-FMKHIRB" failures="0" tests="1" name="revisionTwoLibraryApi.buildJsonPayloadDynamically" time="1.885" errors="0" timestamp="2022-04-15T20:22:08 EET" skipped="0">
  <testcase classname="revisionTwoLibraryApi.buildJsonPayloadDynamically" name="addBook" time="1.885"/>
  <system-out/>
</testsuite> <!-- revisionTwoLibraryApi.buildJsonPayloadDynamically -->
