<?xml version="1.0" encoding="UTF-8"?>
<!-- Generated by org.testng.reporters.JUnitReportReporter -->
<testsuite hostname="DESKTOP-FMKHIRB" failures="0" tests="1" name="lastRequirementButUseTestNG" time="0.956" errors="0" timestamp="2022-04-15T15:17:43 EET" skipped="0">
  <testcase classname="lastRequirementButUseTestNG" name="sumOfCourses" time="0.956"/>
  <system-out/>
</testsuite> <!-- lastRequirementButUseTestNG -->
